[debug] [2022-01-16T08:20:34.486Z] ----------------------------------------------------------------------
[debug] [2022-01-16T08:20:34.489Z] Command:       C:\Program Files\nodejs\node.exe C:\Users\User1\AppData\Roaming\npm\node_modules\firebase-tools\lib\bin\firebase.js init
[debug] [2022-01-16T08:20:34.489Z] CLI Version:   7.0.0
[debug] [2022-01-16T08:20:34.489Z] Platform:      win32
[debug] [2022-01-16T08:20:34.489Z] Node Version:  v16.13.1
[debug] [2022-01-16T08:20:34.490Z] Time:          Sun Jan 16 2022 13:50:34 GMT+0530 (India Standard Time)
[debug] [2022-01-16T08:20:34.491Z] ----------------------------------------------------------------------
[debug] 
[debug] [2022-01-16T08:20:34.502Z] > command requires scopes: ["email","openid","https://www.googleapis.com/auth/cloudplatformprojects.readonly","https://www.googleapis.com/auth/firebase","https://www.googleapis.com/auth/cloud-platform"]
[debug] [2022-01-16T08:20:34.502Z] > authorizing via signed-in user
[info] 
     ######## #### ########  ######## ########     ###     ######  ########
     ##        ##  ##     ## ##       ##     ##  ##   ##  ##       ##
     ######    ##  ########  ######   ########  #########  ######  ######
     ##        ##  ##    ##  ##       ##     ## ##     ##       ## ##
     ##       #### ##     ## ######## ########  ##     ##  ######  ########

You're about to initialize a Firebase project in this directory:

  D:\amazon-project-v1\amazon-clone

Before we get started, keep in mind:

  * You are initializing in an existing Firebase project directory

